000 (11879898.000.000) 03/05 23:57:38 Job submitted from host: <137.138.156.150:9618?addrs=137.138.156.150-9618+[2001-1458-d00-14--9a]-9618&alias=bigbird13.cern.ch&noUDP&sock=schedd_2186_fe1e>
...
040 (11879898.000.000) 03/06 02:14:23 Started transferring input files
	Transferring to host: <188.185.198.123:9618?addrs=188.185.198.123-9618+[2001-1458-303-25--100-77]-9618&alias=b9p15p6165.cern.ch&noUDP&sock=slot1_9_2855189_b162_22956>
...
040 (11879898.000.000) 03/06 02:14:23 Finished transferring input files
...
001 (11879898.000.000) 03/06 02:14:24 Job executing on host: <188.185.198.123:9618?addrs=188.185.198.123-9618+[2001-1458-303-25--100-77]-9618&alias=b9p15p6165.cern.ch&noUDP&sock=startd_9542_98c8>
	SlotName: slot1_9@b9p15p6165.cern.ch
	CondorScratchDir = "/pool/condor/dir_2733679"
	Cpus = 1
	Disk = 2099941
	GPUs = 0
	Memory = 3000
...
006 (11879898.000.000) 03/06 02:14:32 Image size of job updated: 218956
	214  -  MemoryUsage of job (MB)
	218956  -  ResidentSetSize of job (KB)
...
006 (11879898.000.000) 03/06 02:14:35 Image size of job updated: 360128
	352  -  MemoryUsage of job (MB)
	360128  -  ResidentSetSize of job (KB)
...
040 (11879898.000.000) 03/06 02:14:35 Started transferring output files
...
040 (11879898.000.000) 03/06 02:14:35 Finished transferring output files
...
005 (11879898.000.000) 03/06 02:14:36 Job terminated.
	(1) Normal termination (return value 0)
		Usr 0 00:00:06, Sys 0 00:00:01  -  Run Remote Usage
		Usr 0 00:00:00, Sys 0 00:00:00  -  Run Local Usage
		Usr 0 00:00:06, Sys 0 00:00:01  -  Total Remote Usage
		Usr 0 00:00:00, Sys 0 00:00:00  -  Total Local Usage
	8699  -  Run Bytes Sent By Job
	12902  -  Run Bytes Received By Job
	8699  -  Total Bytes Sent By Job
	12902  -  Total Bytes Received By Job
	Partitionable Resources :    Usage  Request Allocated 
	   Cpus                 :        0        1         1 
	   Disk (KB)            :       44  2097152   2099941 
	   GPUs                 :                           0 
	   Memory (MB)          :      352     3000      3000 

	Job terminated of its own accord at 2025-03-06T01:14:35Z with exit-code 0.
...
